2023-08-06 08:24:34.223413 - Initialized conversion of CBT914
2023-08-06 08:24:34.735572 - Received CBT.V505.FILE914.PDS from FILE914.XMI 
2023-08-06 08:24:34.738146 - Found $$$#DATE.txt (text/plain) in CBT.V505.FILE914.PDS, moved to PDS/$$$#DATE
2023-08-06 08:24:34.739179 - Found @@README.txt (text/plain) in CBT.V505.FILE914.PDS, moved to PDS/@@README
2023-08-06 08:24:34.740197 - Found @FILE914.txt (text/plain) in CBT.V505.FILE914.PDS, moved to PDS/@FILE914
2023-08-06 08:24:34.741152 - Found @PROBS.txt (text/plain) in CBT.V505.FILE914.PDS, moved to PDS/@PROBS
2023-08-06 08:24:34.742164 - Found ALOCLIBS.jcl (text/plain) in CBT.V505.FILE914.PDS, moved to PDS/ALOCLIBS
2023-08-06 08:24:34.743105 - Found COPYLIBS.jcl (text/plain) in CBT.V505.FILE914.PDS, moved to PDS/COPYLIBS
2023-08-06 08:24:34.743997 - Found DISCLAIM.txt (text/plain) in CBT.V505.FILE914.PDS, moved to PDS/DISCLAIM
2023-08-06 08:24:34.744873 - Found INSTALL.txt (text/plain) in CBT.V505.FILE914.PDS, moved to PDS/INSTALL
2023-08-06 08:24:34.745958 - Found JES2PARM.txt (text/plain) in CBT.V505.FILE914.PDS, moved to PDS/JES2PARM
2023-08-06 08:24:34.747159 - Found LSES500.txt (text/plain) in CBT.V505.FILE914.PDS, moved to PDS/LSES500
2023-08-06 08:24:34.748056 - Found LSES500J.jcl (text/plain) in CBT.V505.FILE914.PDS, moved to PDS/LSES500J
2023-08-06 08:24:34.749282 - Found RAWASM.txt (text/plain) in CBT.V505.FILE914.PDS, moved to PDS/RAWASM
2023-08-06 08:24:34.750176 - Found RAWJCL.txt (text/plain) in CBT.V505.FILE914.PDS, moved to PDS/RAWJCL
2023-08-06 08:24:34.751073 - Found RAWMACS.txt (text/plain) in CBT.V505.FILE914.PDS, moved to PDS/RAWMACS
2023-08-06 08:24:34.751938 - Found SAMPINDX.txt (text/plain) in CBT.V505.FILE914.PDS, moved to PDS/SAMPINDX
2023-08-06 08:24:34.752786 - Found SAMP0010.jcl (text/plain) in CBT.V505.FILE914.PDS, moved to PDS/SAMP0010
2023-08-06 08:24:34.753782 - Found SAMP0012.jcl (text/plain) in CBT.V505.FILE914.PDS, moved to PDS/SAMP0012
2023-08-06 08:24:34.754682 - Found SAMP0020.jcl (text/plain) in CBT.V505.FILE914.PDS, moved to PDS/SAMP0020
2023-08-06 08:24:34.755540 - Found SAMP0021.jcl (text/plain) in CBT.V505.FILE914.PDS, moved to PDS/SAMP0021
2023-08-06 08:24:34.756402 - Found SAMP0024.jcl (text/plain) in CBT.V505.FILE914.PDS, moved to PDS/SAMP0024
2023-08-06 08:24:34.757271 - Found SAMP0026.jcl (text/plain) in CBT.V505.FILE914.PDS, moved to PDS/SAMP0026
2023-08-06 08:24:34.758268 - Found SAMP0040.jcl (text/plain) in CBT.V505.FILE914.PDS, moved to PDS/SAMP0040
2023-08-06 08:24:34.759135 - Found SAMP0041.jcl (text/plain) in CBT.V505.FILE914.PDS, moved to PDS/SAMP0041
2023-08-06 08:24:34.760032 - Found SAMP0060.jcl (text/plain) in CBT.V505.FILE914.PDS, moved to PDS/SAMP0060
2023-08-06 08:24:34.760894 - Found SAMP0061.jcl (text/plain) in CBT.V505.FILE914.PDS, moved to PDS/SAMP0061
2023-08-06 08:24:34.761769 - Found SAMP0991.jcl (text/plain) in CBT.V505.FILE914.PDS, moved to PDS/SAMP0991
2023-08-06 08:24:34.762663 - Found SAMP0992.jcl (text/plain) in CBT.V505.FILE914.PDS, moved to PDS/SAMP0992
2023-08-06 08:24:34.764347 - De-xmi-ed SSMINSTD to CBT914/docs/SSMINSTD.doc
2023-08-06 08:24:34.766475 - De-xmi-ed SSMINSTP to CBT914/docs/SSMINSTP.pdf
2023-08-06 08:24:34.768211 - De-xmi-ed SSMOPSGD to CBT914/docs/SSMOPSGD.doc
2023-08-06 08:24:34.770194 - De-xmi-ed SSMOPSGP to CBT914/docs/SSMOPSGP.pdf
2023-08-06 08:24:34.771874 - De-xmi-ed SSMUSERD to CBT914/docs/SSMUSERD.doc
2023-08-06 08:24:34.773615 - De-xmi-ed SSMUSERP to CBT914/docs/SSMUSERP.pdf
